//-------------------------- 8/26/2010 -- 21:46:32 -----
Processor Init:
   Intel (unknown, Pentium Pro/II/III family), ~2.40 Ghz
     (timed at roughly 2.42 Ghz)
   FPU detected
   MMX detected
   SSE detected
 
Math Init:
   Installing Standard C extensions
   Installing Assembly extensions
   Installing FPU extensions
   Installing MMX extensions
   Installing SSE extensions
 
Input Init:
   DirectInput enabled.

Initializing chunk mappings...
   o 'TEXT' maps to TextChunk
   o 'SCHK' maps to UnknownChunk
   o 'SCHK' maps to SimChunk
Loading compiled script C:/Users/Patrick/Desktop/MazeGenerator/common/main.cs.
Loading compiled script C:/Users/Patrick/Desktop/MazeGenerator/game/main.cs.
 % - Initializing Common
Loading compiled script C:/Users/Patrick/Desktop/MazeGenerator/common/preferences/defaultPrefs.cs.
Reading Display Device information...
   Primary Display Device Found:
      Vendor Id: VEN_0000
      Device Id: DEV_0000

Using OpenGL rendering. Fullscreen: 0

Loading compiled script C:/Users/Patrick/Desktop/MazeGenerator/common/gameScripts/xml.cs.
Loading compiled script C:/Users/Patrick/Desktop/MazeGenerator/common/gameScripts/properties.cs.
Loading compiled script C:/Users/Patrick/Desktop/MazeGenerator/common/gameScripts/common.cs.
Loading compiled script C:/Users/Patrick/Desktop/MazeGenerator/common/gameScripts/audio.cs.
Loading compiled script C:/Users/Patrick/Desktop/MazeGenerator/common/gameScripts/canvas.cs.
Loading compiled script C:/Users/Patrick/Desktop/MazeGenerator/common/gameScripts/cursor.cs.
Video Init:
   Accelerated OpenGL display device detected.
   Accelerated D3D device detected.
   Voodoo 2 display device not detected.

Activating the OpenGL display device...
Activating the OpenGL display device...
Setting screen mode to 320x320x32 (w)...
Creating a new window...
Acquiring a new device context...
Pixel format set:
  32 color bits, 24 depth bits, 8 stencil bits
Creating a new rendering context...
Making the new rendering context current...
OpenGL driver information:
  Vendor: NVIDIA Corporation
  Renderer: GeForce 8800 GT/PCI/SSE2
  Version: 3.2.0
OpenGL Init: Enabled Extensions
  ARB_multitexture (Max Texture Units: 4)
  EXT_blend_color
  EXT_blend_minmax
  EXT_compiled_vertex_array
  NV_vertex_array_range
  EXT_texture_env_combine
  EXT_packed_pixels
  EXT_fog_coord
  ARB_texture_compression
  EXT_texture_compression_s3tc
  (ARB|EXT)_texture_env_add
  EXT_texture_filter_anisotropic (Max anisotropy: 16)
  WGL_EXT_swap_control
OpenGL Init: Disabled Extensions
  EXT_paletted_texture
  3DFX_texture_compression_FXT1

Max Texture Size reported as: 8192
Setting screen mode to 800x600x32 (w)...
OpenAL Driver Init:
   Vendor: Creative Labs Inc.
   Version: OpenAL 1.0
   Renderer: Software
   Extensions: EAX 2.0, EAX 3.0, EAX Unified, and EAX-AC3

Loading compiled script C:/Users/Patrick/Desktop/MazeGenerator/common/gui/profiles.cs.
Loading compiled script C:/Users/Patrick/Desktop/MazeGenerator/common/gui/cursors.cs.
Loading compiled script C:/Users/Patrick/Desktop/MazeGenerator/common/gui/messageBoxOk.gui.
Loading compiled script C:/Users/Patrick/Desktop/MazeGenerator/common/gui/messageBoxYesNo.gui.
Loading compiled script C:/Users/Patrick/Desktop/MazeGenerator/common/gui/messageBoxYesNoCancel.gui.
Loading compiled script C:/Users/Patrick/Desktop/MazeGenerator/common/gui/messageBoxOKCancel.gui.
Loading compiled script C:/Users/Patrick/Desktop/MazeGenerator/common/gui/messageBoxOKCancelDetailsDlg.gui.
Loading compiled script C:/Users/Patrick/Desktop/MazeGenerator/common/gui/messagePopup.gui.
Loading compiled script C:/Users/Patrick/Desktop/MazeGenerator/common/gui/options.gui.
Loading compiled script C:/Users/Patrick/Desktop/MazeGenerator/common/gui/remap.gui.
Loading compiled script C:/Users/Patrick/Desktop/MazeGenerator/common/gui/console.gui.
Loading compiled script C:/Users/Patrick/Desktop/MazeGenerator/common/gui/NetworkMenu.gui.
Loading compiled script C:/Users/Patrick/Desktop/MazeGenerator/common/gui/startServer.gui.
Loading compiled script C:/Users/Patrick/Desktop/MazeGenerator/common/gui/joinServer.gui.
Loading compiled script C:/Users/Patrick/Desktop/MazeGenerator/common/gui/waitingForServer.gui.
Loading compiled script C:/Users/Patrick/Desktop/MazeGenerator/common/gui/helpDlg.gui.
Loading compiled script C:/Users/Patrick/Desktop/MazeGenerator/common/gui/messageBox.cs.
Loading compiled script C:/Users/Patrick/Desktop/MazeGenerator/common/gui/help.cs.
Loading compiled script C:/Users/Patrick/Desktop/MazeGenerator/common/gui/chatGui.gui.
Loading compiled script C:/Users/Patrick/Desktop/MazeGenerator/common/gameScripts/screenshot.cs.
Loading compiled script C:/Users/Patrick/Desktop/MazeGenerator/common/gameScripts/metrics.cs.
Loading compiled script C:/Users/Patrick/Desktop/MazeGenerator/common/Gui/FrameOverlayGui.gui.
Loading compiled script C:/Users/Patrick/Desktop/MazeGenerator/common/gameScripts/scriptDoc.cs.
Loading compiled script C:/Users/Patrick/Desktop/MazeGenerator/common/gameScripts/keybindings.cs.
Loading compiled script C:/Users/Patrick/Desktop/MazeGenerator/common/gameScripts/options.cs.
Loading compiled script C:/Users/Patrick/Desktop/MazeGenerator/common/gameScripts/levelManagement.cs.
Loading compiled script C:/Users/Patrick/Desktop/MazeGenerator/common/gameScripts/projectManagement.cs.
Loading compiled script C:/Users/Patrick/Desktop/MazeGenerator/common/gameScripts/projectResources.cs.
Loading compiled script C:/Users/Patrick/Desktop/MazeGenerator/common/gameScripts/align.cs.

Torque Game Builder (v1.7.5) initialized...
Loading compiled script C:/Users/Patrick/Desktop/MazeGenerator/game/managed/datablocks.cs.
Loading compiled script C:/Users/Patrick/Desktop/MazeGenerator/game/managed/persistent.cs.
Loading compiled script C:/Users/Patrick/Desktop/MazeGenerator/game/managed/brushes.cs.
Loading compiled script C:/Users/Patrick/Desktop/MazeGenerator/game/gameScripts/datablocks.cs.
Loading compiled script C:/Users/Patrick/Desktop/MazeGenerator/game/gameScripts/guiProfiles.cs.
Loading compiled script C:/Users/Patrick/Desktop/MazeGenerator/game/gui/mainScreen.gui.
Loading compiled script C:/Users/Patrick/Desktop/MazeGenerator/game/gameScripts/game.cs.
Loading compiled script C:/Users/Patrick/Desktop/MazeGenerator/game/gameScripts/stack.cs.
Loading compiled script C:/Users/Patrick/Desktop/MazeGenerator/game/gameScripts/mazeGenerator.cs.
Activating DirectInput...
DirectInput joystick failed to enable!
Loading compiled script C:/Users/Patrick/Desktop/MazeGenerator/game/data/levels/untitled.t2d.
maze loaded
initializing maze
maze initialized
Generating Maze
t2dTileLayer::setTileCustomData() - Invalid Tile Position! (19, 15)
Generated in 157 ms.
Solving Maze.
Solved in 125 ms.
DirectInput deactivated.
Shutting down the OpenGL display device...
Making the GL rendering context not current...
Deleting the GL rendering context...
Releasing the device context...
